12:04:14 **** Clean-only build of configuration Debug for project stm32f429zi_drivers ****
make -j12 clean 
rm -rf ./Startup/startup_stm32f429zitx.d ./Startup/startup_stm32f429zitx.o
rm -rf ./Src/main.d ./Src/main.o ./Src/main.su ./Src/syscalls.d ./Src/syscalls.o ./Src/syscalls.su ./Src/sysmem.d ./Src/sysmem.o ./Src/sysmem.su
rm -rf ./Drivers/Src/stm32f429zi_gpio_driver.d ./Drivers/Src/stm32f429zi_gpio_driver.o ./Drivers/Src/stm32f429zi_gpio_driver.su ./Drivers/Src/stm32f429zi_i2c_driver.d ./Drivers/Src/stm32f429zi_i2c_driver.o ./Drivers/Src/stm32f429zi_i2c_driver.su ./Drivers/Src/stm32f429zi_spi_driver.d ./Drivers/Src/stm32f429zi_spi_driver.o ./Drivers/Src/stm32f429zi_spi_driver.su ./Drivers/Src/stm32f429zi_usart_driver.d ./Drivers/Src/stm32f429zi_usart_driver.o ./Drivers/Src/stm32f429zi_usart_driver.su
rm -rf default.size.stdout stm32f429zi_drivers.elf stm32f429zi_drivers.list stm32f429zi_drivers.map
 
12:04:20 **** Building Selected Files of configuration Debug for project stm32f429zi_drivers ****
Info: Internal Builder is used for build
arm-none-eabi-gcc "..\\Drivers\\Src\\stm32f429zi_usart_driver.c" -mcpu=cortex-m4 -std=gnu11 -g3 -DDEBUG -DSTM32F429I_DISC1 -DSTM32 -DSTM32F429ZITx -DSTM32F4 -c "-IC:\\Users\\pc\\Documents\\GitHub\\Driver-Development-STM32F429ZI\\stm32f429zi_drivers\\Drivers\\Inc" -O0 -ffunction-sections -fdata-sections -Wall -fstack-usage --specs=nano.specs -mfpu=fpv4-sp-d16 -mfloat-abi=hard -mthumb -o "Drivers\\Src\\stm32f429zi_usart_driver.o" 
..\Drivers\Src\stm32f429zi_usart_driver.c: In function 'USART_SetBaudRate':
..\Drivers\Src\stm32f429zi_usart_driver.c:37:13: warning: implicit declaration of function 'RCC_GetPCLK2Value' [-Wimplicit-function-declaration]
   37 |     PCLKx = RCC_GetPCLK2Value();
      |             ^~~~~~~~~~~~~~~~~
..\Drivers\Src\stm32f429zi_usart_driver.c:40:13: warning: implicit declaration of function 'RCC_GetPCLK1Value' [-Wimplicit-function-declaration]
   40 |     PCLKx = RCC_GetPCLK1Value();
      |             ^~~~~~~~~~~~~~~~~
..\Drivers\Src\stm32f429zi_usart_driver.c: In function 'USART_PeriClockControl':
..\Drivers\Src\stm32f429zi_usart_driver.c:220:4: warning: implicit declaration of function 'USART1_PCCK_EN'; did you mean 'USART1_CLK_EN'? [-Wimplicit-function-declaration]
  220 |    USART1_PCCK_EN();
      |    ^~~~~~~~~~~~~~
      |    USART1_CLK_EN
..\Drivers\Src\stm32f429zi_usart_driver.c:223:4: warning: implicit declaration of function 'USART2_PCCK_EN'; did you mean 'USART2_CLK_EN'? [-Wimplicit-function-declaration]
  223 |    USART2_PCCK_EN();
      |    ^~~~~~~~~~~~~~
      |    USART2_CLK_EN
..\Drivers\Src\stm32f429zi_usart_driver.c:226:4: warning: implicit declaration of function 'USART3_PCCK_EN'; did you mean 'USART3_CLK_EN'? [-Wimplicit-function-declaration]
  226 |    USART3_PCCK_EN();
      |    ^~~~~~~~~~~~~~
      |    USART3_CLK_EN
..\Drivers\Src\stm32f429zi_usart_driver.c:230:4: warning: implicit declaration of function 'UART4_PCCK_EN'; did you mean 'UART4_CLK_EN'? [-Wimplicit-function-declaration]
  230 |    UART4_PCCK_EN();
      |    ^~~~~~~~~~~~~
      |    UART4_CLK_EN
..\Drivers\Src\stm32f429zi_usart_driver.c: In function 'USART_IRQHandling':
..\Drivers\Src\stm32f429zi_usart_driver.c:536:26: warning: variable 'temp3' set but not used [-Wunused-but-set-variable]
  536 |  uint32_t temp1 , temp2, temp3;
      |                          ^~~~~
12:05:30 **** Cleaning Selected Files of configuration Debug for project stm32f429zi_drivers ****
Info: Internal Builder is used for build
Debug/Drivers/Src/stm32f429zi_usart_driver.o deleted.
Debug/Drivers/Src/stm32f429zi_usart_driver.su deleted.
12:05:34 **** Building Selected Files of configuration Debug for project stm32f429zi_drivers ****
Info: Internal Builder is used for build
arm-none-eabi-gcc "..\\Drivers\\Src\\stm32f429zi_usart_driver.c" -mcpu=cortex-m4 -std=gnu11 -g3 -DDEBUG -DSTM32F429I_DISC1 -DSTM32 -DSTM32F429ZITx -DSTM32F4 -c "-IC:\\Users\\pc\\Documents\\GitHub\\Driver-Development-STM32F429ZI\\stm32f429zi_drivers\\Drivers\\Inc" -O0 -ffunction-sections -fdata-sections -Wall -fstack-usage --specs=nano.specs -mfpu=fpv4-sp-d16 -mfloat-abi=hard -mthumb -o "Drivers\\Src\\stm32f429zi_usart_driver.o" 
..\Drivers\Src\stm32f429zi_usart_driver.c: In function 'RCC_GetPCLK1Value':
..\Drivers\Src\stm32f429zi_usart_driver.c:39:9: error: 'AHB_PreScalar' undeclared (first use in this function)
   39 |    ahbp=AHB_PreScalar[temp-8];
      |         ^~~~~~~~~~~~~
..\Drivers\Src\stm32f429zi_usart_driver.c:39:9: note: each undeclared identifier is reported only once for each function it appears in
..\Drivers\Src\stm32f429zi_usart_driver.c:46:11: error: 'APB1_PreScalar' undeclared (first use in this function)
   46 |     apb1p=APB1_PreScalar[temp-4];
      |           ^~~~~~~~~~~~~~
..\Drivers\Src\stm32f429zi_usart_driver.c: In function 'USART_SetBaudRate':
..\Drivers\Src\stm32f429zi_usart_driver.c:80:13: warning: implicit declaration of function 'RCC_GetPCLK2Value'; did you mean 'RCC_GetPCLK1Value'? [-Wimplicit-function-declaration]
   80 |     PCLKx = RCC_GetPCLK2Value();
      |             ^~~~~~~~~~~~~~~~~
      |             RCC_GetPCLK1Value
..\Drivers\Src\stm32f429zi_usart_driver.c: In function 'USART_PeriClockControl':
..\Drivers\Src\stm32f429zi_usart_driver.c:263:4: warning: implicit declaration of function 'USART1_PCCK_EN'; did you mean 'USART1_CLK_EN'? [-Wimplicit-function-declaration]
  263 |    USART1_PCCK_EN();
      |    ^~~~~~~~~~~~~~
      |    USART1_CLK_EN
..\Drivers\Src\stm32f429zi_usart_driver.c:266:4: warning: implicit declaration of function 'USART2_PCCK_EN'; did you mean 'USART2_CLK_EN'? [-Wimplicit-function-declaration]
  266 |    USART2_PCCK_EN();
      |    ^~~~~~~~~~~~~~
      |    USART2_CLK_EN
..\Drivers\Src\stm32f429zi_usart_driver.c:269:4: warning: implicit declaration of function 'USART3_PCCK_EN'; did you mean 'USART3_CLK_EN'? [-Wimplicit-function-declaration]
  269 |    USART3_PCCK_EN();
      |    ^~~~~~~~~~~~~~
      |    USART3_CLK_EN
..\Drivers\Src\stm32f429zi_usart_driver.c:273:4: warning: implicit declaration of function 'UART4_PCCK_EN'; did you mean 'UART4_CLK_EN'? [-Wimplicit-function-declaration]
  273 |    UART4_PCCK_EN();
      |    ^~~~~~~~~~~~~
      |    UART4_CLK_EN
..\Drivers\Src\stm32f429zi_usart_driver.c: In function 'USART_IRQHandling':
..\Drivers\Src\stm32f429zi_usart_driver.c:579:26: warning: variable 'temp3' set but not used [-Wunused-but-set-variable]
  579 |  uint32_t temp1 , temp2, temp3;
      |                          ^~~~~
12:17:08 **** Cleaning Selected Files of configuration Debug for project stm32f429zi_drivers ****
Info: Internal Builder is used for build
Nothing to clean.
12:17:10 **** Building Selected Files of configuration Debug for project stm32f429zi_drivers ****
Info: Internal Builder is used for build
arm-none-eabi-gcc "..\\Drivers\\Src\\stm32f429zi_usart_driver.c" -mcpu=cortex-m4 -std=gnu11 -g3 -DDEBUG -DSTM32F429I_DISC1 -DSTM32 -DSTM32F429ZITx -DSTM32F4 -c "-IC:\\Users\\pc\\Documents\\GitHub\\Driver-Development-STM32F429ZI\\stm32f429zi_drivers\\Drivers\\Inc" -O0 -ffunction-sections -fdata-sections -Wall -fstack-usage --specs=nano.specs -mfpu=fpv4-sp-d16 -mfloat-abi=hard -mthumb -o "Drivers\\Src\\stm32f429zi_usart_driver.o" 
..\Drivers\Src\stm32f429zi_usart_driver.c: In function 'RCC_GetPCLK1Value':
..\Drivers\Src\stm32f429zi_usart_driver.c:39:9: error: 'AHB_PreScalar' undeclared (first use in this function)
   39 |    ahbp=AHB_PreScalar[temp-8];
      |         ^~~~~~~~~~~~~
..\Drivers\Src\stm32f429zi_usart_driver.c:39:9: note: each undeclared identifier is reported only once for each function it appears in
..\Drivers\Src\stm32f429zi_usart_driver.c:46:11: error: 'APB1_PreScalar' undeclared (first use in this function)
   46 |     apb1p=APB1_PreScalar[temp-4];
      |           ^~~~~~~~~~~~~~
..\Drivers\Src\stm32f429zi_usart_driver.c: In function 'USART_SetBaudRate':
..\Drivers\Src\stm32f429zi_usart_driver.c:80:13: warning: implicit declaration of function 'RCC_GetPCLK2Value'; did you mean 'RCC_GetPCLK1Value'? [-Wimplicit-function-declaration]
   80 |     PCLKx = RCC_GetPCLK2Value();
      |             ^~~~~~~~~~~~~~~~~
      |             RCC_GetPCLK1Value
..\Drivers\Src\stm32f429zi_usart_driver.c: In function 'USART_PeriClockControl':
..\Drivers\Src\stm32f429zi_usart_driver.c:279:23: error: 'UART6' undeclared (first use in this function); did you mean 'UART7'?
  279 |   else if (pUSARTx == UART6)
      |                       ^~~~~
      |                       UART7
..\Drivers\Src\stm32f429zi_usart_driver.c: In function 'USART_IRQHandling':
..\Drivers\Src\stm32f429zi_usart_driver.c:596:26: warning: variable 'temp3' set but not used [-Wunused-but-set-variable]
  596 |  uint32_t temp1 , temp2, temp3;
      |                          ^~~~~
12:17:33 **** Cleaning Selected Files of configuration Debug for project stm32f429zi_drivers ****
Info: Internal Builder is used for build
Nothing to clean.
12:17:36 **** Building Selected Files of configuration Debug for project stm32f429zi_drivers ****
Info: Internal Builder is used for build
arm-none-eabi-gcc "..\\Drivers\\Src\\stm32f429zi_usart_driver.c" -mcpu=cortex-m4 -std=gnu11 -g3 -DDEBUG -DSTM32F429I_DISC1 -DSTM32 -DSTM32F429ZITx -DSTM32F4 -c "-IC:\\Users\\pc\\Documents\\GitHub\\Driver-Development-STM32F429ZI\\stm32f429zi_drivers\\Drivers\\Inc" -O0 -ffunction-sections -fdata-sections -Wall -fstack-usage --specs=nano.specs -mfpu=fpv4-sp-d16 -mfloat-abi=hard -mthumb -o "Drivers\\Src\\stm32f429zi_usart_driver.o" 
..\Drivers\Src\stm32f429zi_usart_driver.c: In function 'RCC_GetPCLK1Value':
..\Drivers\Src\stm32f429zi_usart_driver.c:39:9: error: 'AHB_PreScalar' undeclared (first use in this function)
   39 |    ahbp=AHB_PreScalar[temp-8];
      |         ^~~~~~~~~~~~~
..\Drivers\Src\stm32f429zi_usart_driver.c:39:9: note: each undeclared identifier is reported only once for each function it appears in
..\Drivers\Src\stm32f429zi_usart_driver.c:46:11: error: 'APB1_PreScalar' undeclared (first use in this function)
   46 |     apb1p=APB1_PreScalar[temp-4];
      |           ^~~~~~~~~~~~~~
..\Drivers\Src\stm32f429zi_usart_driver.c: In function 'USART_SetBaudRate':
..\Drivers\Src\stm32f429zi_usart_driver.c:80:13: warning: implicit declaration of function 'RCC_GetPCLK2Value'; did you mean 'RCC_GetPCLK1Value'? [-Wimplicit-function-declaration]
   80 |     PCLKx = RCC_GetPCLK2Value();
      |             ^~~~~~~~~~~~~~~~~
      |             RCC_GetPCLK1Value
..\Drivers\Src\stm32f429zi_usart_driver.c: In function 'USART_IRQHandling':
..\Drivers\Src\stm32f429zi_usart_driver.c:596:26: warning: variable 'temp3' set but not used [-Wunused-but-set-variable]
  596 |  uint32_t temp1 , temp2, temp3;
      |                          ^~~~~
12:20:42 **** Cleaning Selected Files of configuration Debug for project stm32f429zi_drivers ****
Info: Internal Builder is used for build
Nothing to clean.
12:20:44 **** Building Selected Files of configuration Debug for project stm32f429zi_drivers ****
Info: Internal Builder is used for build
arm-none-eabi-gcc "..\\Drivers\\Src\\stm32f429zi_usart_driver.c" -mcpu=cortex-m4 -std=gnu11 -g3 -DDEBUG -DSTM32F429I_DISC1 -DSTM32 -DSTM32F429ZITx -DSTM32F4 -c "-IC:\\Users\\pc\\Documents\\GitHub\\Driver-Development-STM32F429ZI\\stm32f429zi_drivers\\Drivers\\Inc" -O0 -ffunction-sections -fdata-sections -Wall -fstack-usage --specs=nano.specs -mfpu=fpv4-sp-d16 -mfloat-abi=hard -mthumb -o "Drivers\\Src\\stm32f429zi_usart_driver.o" 
..\Drivers\Src\stm32f429zi_usart_driver.c: In function 'RCC_GetPCLK1Value':
..\Drivers\Src\stm32f429zi_usart_driver.c:39:9: error: 'AHB_PreScalar' undeclared (first use in this function)
   39 |    ahbp=AHB_PreScalar[temp-8];
      |         ^~~~~~~~~~~~~
..\Drivers\Src\stm32f429zi_usart_driver.c:39:9: note: each undeclared identifier is reported only once for each function it appears in
..\Drivers\Src\stm32f429zi_usart_driver.c:46:11: error: 'APB1_PreScalar' undeclared (first use in this function)
   46 |     apb1p=APB1_PreScalar[temp-4];
      |           ^~~~~~~~~~~~~~
..\Drivers\Src\stm32f429zi_usart_driver.c: In function 'USART_SetBaudRate':
..\Drivers\Src\stm32f429zi_usart_driver.c:80:13: warning: implicit declaration of function 'RCC_GetPCLK2Value'; did you mean 'RCC_GetPCLK1Value'? [-Wimplicit-function-declaration]
   80 |     PCLKx = RCC_GetPCLK2Value();
      |             ^~~~~~~~~~~~~~~~~
      |             RCC_GetPCLK1Value
..\Drivers\Src\stm32f429zi_usart_driver.c: In function 'USART_IRQHandling':
..\Drivers\Src\stm32f429zi_usart_driver.c:788:2: error: 'temp3' undeclared (first use in this function); did you mean 'temp2'?
  788 |  temp3 = pUSARTHandle->pUSARTx->CR3 & ( 1 << USART_CR3_CTSIE);
      |  ^~~~~
      |  temp2
12:21:31 **** Cleaning Selected Files of configuration Debug for project stm32f429zi_drivers ****
Info: Internal Builder is used for build
Nothing to clean.
12:21:34 **** Building Selected Files of configuration Debug for project stm32f429zi_drivers ****
Info: Internal Builder is used for build
arm-none-eabi-gcc "..\\Drivers\\Src\\stm32f429zi_usart_driver.c" -mcpu=cortex-m4 -std=gnu11 -g3 -DDEBUG -DSTM32F429I_DISC1 -DSTM32 -DSTM32F429ZITx -DSTM32F4 -c "-IC:\\Users\\pc\\Documents\\GitHub\\Driver-Development-STM32F429ZI\\stm32f429zi_drivers\\Drivers\\Inc" -O0 -ffunction-sections -fdata-sections -Wall -fstack-usage --specs=nano.specs -mfpu=fpv4-sp-d16 -mfloat-abi=hard -mthumb -o "Drivers\\Src\\stm32f429zi_usart_driver.o" 
..\Drivers\Src\stm32f429zi_usart_driver.c: In function 'RCC_GetPCLK1Value':
..\Drivers\Src\stm32f429zi_usart_driver.c:39:9: error: 'AHB_PreScalar' undeclared (first use in this function)
   39 |    ahbp=AHB_PreScalar[temp-8];
      |         ^~~~~~~~~~~~~
..\Drivers\Src\stm32f429zi_usart_driver.c:39:9: note: each undeclared identifier is reported only once for each function it appears in
..\Drivers\Src\stm32f429zi_usart_driver.c:46:11: error: 'APB1_PreScalar' undeclared (first use in this function)
   46 |     apb1p=APB1_PreScalar[temp-4];
      |           ^~~~~~~~~~~~~~
..\Drivers\Src\stm32f429zi_usart_driver.c: In function 'USART_SetBaudRate':
..\Drivers\Src\stm32f429zi_usart_driver.c:80:13: warning: implicit declaration of function 'RCC_GetPCLK2Value'; did you mean 'RCC_GetPCLK1Value'? [-Wimplicit-function-declaration]
   80 |     PCLKx = RCC_GetPCLK2Value();
      |             ^~~~~~~~~~~~~~~~~
      |             RCC_GetPCLK1Value
..\Drivers\Src\stm32f429zi_usart_driver.c: In function 'USART_IRQHandling':
..\Drivers\Src\stm32f429zi_usart_driver.c:596:25: warning: variable 'temp3' set but not used [-Wunused-but-set-variable]
  596 |  uint32_t temp1 , temp2,temp3;
      |                         ^~~~~
12:32:03 **** Cleaning Selected Files of configuration Debug for project stm32f429zi_drivers ****
Info: Internal Builder is used for build
Nothing to clean.
12:32:06 **** Building Selected Files of configuration Debug for project stm32f429zi_drivers ****
Info: Internal Builder is used for build
arm-none-eabi-gcc "..\\Drivers\\Src\\stm32f429zi_usart_driver.c" -mcpu=cortex-m4 -std=gnu11 -g3 -DDEBUG -DSTM32F429I_DISC1 -DSTM32 -DSTM32F429ZITx -DSTM32F4 -c "-IC:\\Users\\pc\\Documents\\GitHub\\Driver-Development-STM32F429ZI\\stm32f429zi_drivers\\Drivers\\Inc" -O0 -ffunction-sections -fdata-sections -Wall -fstack-usage --specs=nano.specs -mfpu=fpv4-sp-d16 -mfloat-abi=hard -mthumb -o "Drivers\\Src\\stm32f429zi_usart_driver.o" 
..\Drivers\Src\stm32f429zi_usart_driver.c: In function 'USART_IRQHandling':
..\Drivers\Src\stm32f429zi_usart_driver.c:552:25: warning: variable 'temp3' set but not used [-Wunused-but-set-variable]
  552 |  uint32_t temp1 , temp2,temp3;
      |                         ^~~~~
12:33:22 **** Build of configuration Debug for project stm32f429zi_drivers ****
make -j12 all 
arm-none-eabi-gcc -mcpu=cortex-m4 -g3 -DDEBUG -c -I"C:/Users/pc/Documents/GitHub/Driver-Development-STM32F429ZI/stm32f429zi_drivers/Drivers/Inc" -x assembler-with-cpp -MMD -MP -MF"Startup/startup_stm32f429zitx.d" -MT"Startup/startup_stm32f429zitx.o" --specs=nano.specs -mfpu=fpv4-sp-d16 -mfloat-abi=hard -mthumb -o "Startup/startup_stm32f429zitx.o" "../Startup/startup_stm32f429zitx.s"
arm-none-eabi-gcc "../Src/main.c" -mcpu=cortex-m4 -std=gnu11 -g3 -DDEBUG -DSTM32F429I_DISC1 -DSTM32 -DSTM32F429ZITx -DSTM32F4 -c -I"C:/Users/pc/Documents/GitHub/Driver-Development-STM32F429ZI/stm32f429zi_drivers/Drivers/Inc" -O0 -ffunction-sections -fdata-sections -Wall -fstack-usage -MMD -MP -MF"Src/main.d" -MT"Src/main.o" --specs=nano.specs -mfpu=fpv4-sp-d16 -mfloat-abi=hard -mthumb -o "Src/main.o"
arm-none-eabi-gcc "../Src/syscalls.c" -mcpu=cortex-m4 -std=gnu11 -g3 -DDEBUG -DSTM32F429I_DISC1 -DSTM32 -DSTM32F429ZITx -DSTM32F4 -c -I"C:/Users/pc/Documents/GitHub/Driver-Development-STM32F429ZI/stm32f429zi_drivers/Drivers/Inc" -O0 -ffunction-sections -fdata-sections -Wall -fstack-usage -MMD -MP -MF"Src/syscalls.d" -MT"Src/syscalls.o" --specs=nano.specs -mfpu=fpv4-sp-d16 -mfloat-abi=hard -mthumb -o "Src/syscalls.o"
arm-none-eabi-gcc "../Src/sysmem.c" -mcpu=cortex-m4 -std=gnu11 -g3 -DDEBUG -DSTM32F429I_DISC1 -DSTM32 -DSTM32F429ZITx -DSTM32F4 -c -I"C:/Users/pc/Documents/GitHub/Driver-Development-STM32F429ZI/stm32f429zi_drivers/Drivers/Inc" -O0 -ffunction-sections -fdata-sections -Wall -fstack-usage -MMD -MP -MF"Src/sysmem.d" -MT"Src/sysmem.o" --specs=nano.specs -mfpu=fpv4-sp-d16 -mfloat-abi=hard -mthumb -o "Src/sysmem.o"
arm-none-eabi-gcc "../Drivers/Src/stm32f429zi_gpio_driver.c" -mcpu=cortex-m4 -std=gnu11 -g3 -DDEBUG -DSTM32F429I_DISC1 -DSTM32 -DSTM32F429ZITx -DSTM32F4 -c -I"C:/Users/pc/Documents/GitHub/Driver-Development-STM32F429ZI/stm32f429zi_drivers/Drivers/Inc" -O0 -ffunction-sections -fdata-sections -Wall -fstack-usage -MMD -MP -MF"Drivers/Src/stm32f429zi_gpio_driver.d" -MT"Drivers/Src/stm32f429zi_gpio_driver.o" --specs=nano.specs -mfpu=fpv4-sp-d16 -mfloat-abi=hard -mthumb -o "Drivers/Src/stm32f429zi_gpio_driver.o"
arm-none-eabi-gcc "../Drivers/Src/stm32f429zi_i2c_driver.c" -mcpu=cortex-m4 -std=gnu11 -g3 -DDEBUG -DSTM32F429I_DISC1 -DSTM32 -DSTM32F429ZITx -DSTM32F4 -c -I"C:/Users/pc/Documents/GitHub/Driver-Development-STM32F429ZI/stm32f429zi_drivers/Drivers/Inc" -O0 -ffunction-sections -fdata-sections -Wall -fstack-usage -MMD -MP -MF"Drivers/Src/stm32f429zi_i2c_driver.d" -MT"Drivers/Src/stm32f429zi_i2c_driver.o" --specs=nano.specs -mfpu=fpv4-sp-d16 -mfloat-abi=hard -mthumb -o "Drivers/Src/stm32f429zi_i2c_driver.o"
arm-none-eabi-gcc "../Drivers/Src/stm32f429zi_rcc_driver.c" -mcpu=cortex-m4 -std=gnu11 -g3 -DDEBUG -DSTM32F429I_DISC1 -DSTM32 -DSTM32F429ZITx -DSTM32F4 -c -I"C:/Users/pc/Documents/GitHub/Driver-Development-STM32F429ZI/stm32f429zi_drivers/Drivers/Inc" -O0 -ffunction-sections -fdata-sections -Wall -fstack-usage -MMD -MP -MF"Drivers/Src/stm32f429zi_rcc_driver.d" -MT"Drivers/Src/stm32f429zi_rcc_driver.o" --specs=nano.specs -mfpu=fpv4-sp-d16 -mfloat-abi=hard -mthumb -o "Drivers/Src/stm32f429zi_rcc_driver.o"
arm-none-eabi-gcc "../Drivers/Src/stm32f429zi_spi_driver.c" -mcpu=cortex-m4 -std=gnu11 -g3 -DDEBUG -DSTM32F429I_DISC1 -DSTM32 -DSTM32F429ZITx -DSTM32F4 -c -I"C:/Users/pc/Documents/GitHub/Driver-Development-STM32F429ZI/stm32f429zi_drivers/Drivers/Inc" -O0 -ffunction-sections -fdata-sections -Wall -fstack-usage -MMD -MP -MF"Drivers/Src/stm32f429zi_spi_driver.d" -MT"Drivers/Src/stm32f429zi_spi_driver.o" --specs=nano.specs -mfpu=fpv4-sp-d16 -mfloat-abi=hard -mthumb -o "Drivers/Src/stm32f429zi_spi_driver.o"
arm-none-eabi-gcc "../Drivers/Src/stm32f429zi_usart_driver.c" -mcpu=cortex-m4 -std=gnu11 -g3 -DDEBUG -DSTM32F429I_DISC1 -DSTM32 -DSTM32F429ZITx -DSTM32F4 -c -I"C:/Users/pc/Documents/GitHub/Driver-Development-STM32F429ZI/stm32f429zi_drivers/Drivers/Inc" -O0 -ffunction-sections -fdata-sections -Wall -fstack-usage -MMD -MP -MF"Drivers/Src/stm32f429zi_usart_driver.d" -MT"Drivers/Src/stm32f429zi_usart_driver.o" --specs=nano.specs -mfpu=fpv4-sp-d16 -mfloat-abi=hard -mthumb -o "Drivers/Src/stm32f429zi_usart_driver.o"
../Src/main.c:22:4: warning: #warning "FPU is not initialized, but the project is compiling for an FPU. Please initialize the FPU before use." [-Wcpp]
   22 |   #warning "FPU is not initialized, but the project is compiling for an FPU. Please initialize the FPU before use."
      |    ^~~~~~~
../Drivers/Src/stm32f429zi_usart_driver.c: In function 'USART_IRQHandling':
../Drivers/Src/stm32f429zi_usart_driver.c:744:2: error: 'temp3' undeclared (first use in this function); did you mean 'temp2'?
  744 |  temp3 = pUSARTHandle->pUSARTx->CR3 & ( 1 << USART_CR3_CTSIE);
      |  ^~~~~
      |  temp2
../Drivers/Src/stm32f429zi_usart_driver.c:744:2: note: each undeclared identifier is reported only once for each function it appears in
make: *** [Drivers/Src/subdir.mk:31: Drivers/Src/stm32f429zi_usart_driver.o] Error 1
make: *** Waiting for unfinished jobs....
"make -j12 all" terminated with exit code 2. Build might be incomplete.
12:34:07 **** Cleaning Selected Files of configuration Debug for project stm32f429zi_drivers ****
Info: Internal Builder is used for build
Debug/Drivers/Src/stm32f429zi_usart_driver.o deleted.
Debug/Drivers/Src/stm32f429zi_usart_driver.su deleted.
12:34:09 **** Building Selected Files of configuration Debug for project stm32f429zi_drivers ****
Info: Internal Builder is used for build
arm-none-eabi-gcc "..\\Drivers\\Src\\stm32f429zi_usart_driver.c" -mcpu=cortex-m4 -std=gnu11 -g3 -DDEBUG -DSTM32F429I_DISC1 -DSTM32 -DSTM32F429ZITx -DSTM32F4 -c "-IC:\\Users\\pc\\Documents\\GitHub\\Driver-Development-STM32F429ZI\\stm32f429zi_drivers\\Drivers\\Inc" -O0 -ffunction-sections -fdata-sections -Wall -fstack-usage --specs=nano.specs -mfpu=fpv4-sp-d16 -mfloat-abi=hard -mthumb -o "Drivers\\Src\\stm32f429zi_usart_driver.o" 
..\Drivers\Src\stm32f429zi_usart_driver.c: In function 'USART_IRQHandling':
..\Drivers\Src\stm32f429zi_usart_driver.c:744:10: warning: variable 'temp3' set but not used [-Wunused-but-set-variable]
  744 |  uint8_t temp3;
      |          ^~~~~
12:34:38 **** Cleaning Selected Files of configuration Debug for project stm32f429zi_drivers ****
Info: Internal Builder is used for build
Debug/Drivers/Src/stm32f429zi_usart_driver.o deleted.
Debug/Drivers/Src/stm32f429zi_usart_driver.su deleted.
12:34:41 **** Building Selected Files of configuration Debug for project stm32f429zi_drivers ****
Info: Internal Builder is used for build
arm-none-eabi-gcc "..\\Drivers\\Src\\stm32f429zi_usart_driver.c" -mcpu=cortex-m4 -std=gnu11 -g3 -DDEBUG -DSTM32F429I_DISC1 -DSTM32 -DSTM32F429ZITx -DSTM32F4 -c "-IC:\\Users\\pc\\Documents\\GitHub\\Driver-Development-STM32F429ZI\\stm32f429zi_drivers\\Drivers\\Inc" -O0 -ffunction-sections -fdata-sections -Wall -fstack-usage --specs=nano.specs -mfpu=fpv4-sp-d16 -mfloat-abi=hard -mthumb -o "Drivers\\Src\\stm32f429zi_usart_driver.o" 
..\Drivers\Src\stm32f429zi_usart_driver.c: In function 'USART_IRQHandling':
..\Drivers\Src\stm32f429zi_usart_driver.c:744:12: error: expected identifier or '(' before 'void'
  744 |  uint8_t  (void) temp3;
      |            ^~~~
..\Drivers\Src\stm32f429zi_usart_driver.c:745:2: error: 'temp3' undeclared (first use in this function); did you mean 'temp2'?
  745 |  temp3 = pUSARTHandle->pUSARTx->CR3 & ( 1 << USART_CR3_CTSIE);
      |  ^~~~~
      |  temp2
..\Drivers\Src\stm32f429zi_usart_driver.c:745:2: note: each undeclared identifier is reported only once for each function it appears in
12:34:54 **** Cleaning Selected Files of configuration Debug for project stm32f429zi_drivers ****
Info: Internal Builder is used for build
Nothing to clean.
12:34:57 **** Building Selected Files of configuration Debug for project stm32f429zi_drivers ****
Info: Internal Builder is used for build
arm-none-eabi-gcc "..\\Drivers\\Src\\stm32f429zi_usart_driver.c" -mcpu=cortex-m4 -std=gnu11 -g3 -DDEBUG -DSTM32F429I_DISC1 -DSTM32 -DSTM32F429ZITx -DSTM32F4 -c "-IC:\\Users\\pc\\Documents\\GitHub\\Driver-Development-STM32F429ZI\\stm32f429zi_drivers\\Drivers\\Inc" -O0 -ffunction-sections -fdata-sections -Wall -fstack-usage --specs=nano.specs -mfpu=fpv4-sp-d16 -mfloat-abi=hard -mthumb -o "Drivers\\Src\\stm32f429zi_usart_driver.o" 
..\Drivers\Src\stm32f429zi_usart_driver.c: In function 'USART_IRQHandling':
..\Drivers\Src\stm32f429zi_usart_driver.c:744:11: warning: variable 'temp3' set but not used [-Wunused-but-set-variable]
  744 |  uint8_t  temp3;
      |           ^~~~~
12:37:09 **** Building Selected Files of configuration Debug for project stm32f429zi_drivers ****
Info: Internal Builder is used for build
arm-none-eabi-gcc "..\\Drivers\\Src\\stm32f429zi_usart_driver.c" -mcpu=cortex-m4 -std=gnu11 -g3 -DDEBUG -DSTM32F429I_DISC1 -DSTM32 -DSTM32F429ZITx -DSTM32F4 -c "-IC:\\Users\\pc\\Documents\\GitHub\\Driver-Development-STM32F429ZI\\stm32f429zi_drivers\\Drivers\\Inc" -O0 -ffunction-sections -fdata-sections -Wall -fstack-usage --specs=nano.specs -mfpu=fpv4-sp-d16 -mfloat-abi=hard -mthumb -o "Drivers\\Src\\stm32f429zi_usart_driver.o" 
..\Drivers\Src\stm32f429zi_usart_driver.c: In function 'USART_IRQHandling':
..\Drivers\Src\stm32f429zi_usart_driver.c:745:11: warning: unused variable 'temp3' [-Wunused-variable]
  745 |  uint32_t temp3 = pUSARTHandle->pUSARTx->CR3 & ( 1 << USART_CR3_CTSIE);
      |           ^~~~~
